2025-12-26 10:58:49:5849 [32minfo[39m: [32mServer running on port 5000 in development mode[39m
2026-01-15 15:52:48:5248 [31merror[39m: [31mCRITICAL: Missing required environment variables: PAYSTACK_SECRET_KEY, PAYSTACK_PUBLIC_KEY, GOOGLE_CLIENT_ID, SMTP_HOST, SMTP_USER, SMTP_PASS[39m
2026-01-18 20:54:48:5448 [31merror[39m: [31mInternal Server Error:[39m
2026-01-18 20:54:52:5452 [31merror[39m: [31mInternal Server Error:[39m
2026-01-18 20:55:22:5522 [31merror[39m: [31mInternal Server Error:[39m
2026-01-18 20:55:26:5526 [31merror[39m: [31mInternal Server Error:[39m
2026-01-18 20:55:33:5533 [31merror[39m: [31mInternal Server Error:[39m
2026-01-18 20:55:37:5537 [31merror[39m: [31mInternal Server Error:[39m
2026-01-18 21:00:24:024 [31merror[39m: [31mInternal Server Error:[39m
2026-01-18 21:00:40:040 [31merror[39m: [31mInternal Server Error:[39m
2026-01-18 21:14:33:1433 [31merror[39m: [31mInternal Server Error:[39m
2026-01-18 21:14:37:1437 [31merror[39m: [31mInternal Server Error:[39m
2026-01-18 21:16:49:1649 [31merror[39m: [31mInternal Server Error:[39m
2026-01-18 21:16:53:1653 [31merror[39m: [31mInternal Server Error:[39m
2026-01-21 13:24:31:2431 [31merror[39m: [31mCRITICAL: Missing required environment variables: PAYSTACK_SECRET_KEY, PAYSTACK_PUBLIC_KEY, GOOGLE_CLIENT_ID, SMTP_HOST, SMTP_USER, SMTP_PASS[39m
2026-01-21 13:25:20:2520 [31merror[39m: [31mInternal Server Error:[39m
2026-01-21 13:25:24:2524 [31merror[39m: [31mInternal Server Error:[39m
2026-01-21 15:09:29:929 [31merror[39m: [31mCRITICAL: Missing required environment variables: PAYSTACK_SECRET_KEY, PAYSTACK_PUBLIC_KEY, GOOGLE_CLIENT_ID, SMTP_HOST, SMTP_USER, SMTP_PASS[39m
2026-01-21 15:31:34:3134 [31merror[39m: [31mCRITICAL: Missing required environment variables: PAYSTACK_SECRET_KEY, PAYSTACK_PUBLIC_KEY, GOOGLE_CLIENT_ID, SMTP_HOST, SMTP_USER, SMTP_PASS[39m
2026-01-21 16:52:49:5249 [31merror[39m: [31mCRITICAL: Missing required environment variables: PAYSTACK_SECRET_KEY, PAYSTACK_PUBLIC_KEY, GOOGLE_CLIENT_ID, SMTP_HOST, SMTP_USER, SMTP_PASS[39m
2026-01-23 10:39:05:395 [31merror[39m: [31mCRITICAL: Missing required environment variables: PAYSTACK_SECRET_KEY, PAYSTACK_PUBLIC_KEY, GOOGLE_CLIENT_ID, SMTP_HOST, SMTP_USER, SMTP_PASS[39m
2026-01-23 10:47:57:4757 [33mwarn[39m: [33mBlocked by CORS: http://localhost:5173[39m
2026-01-23 10:47:57:4757 [31merror[39m: [31mInternal Server Error:[39m
2026-01-23 10:52:59:5259 [33mwarn[39m: [33mBlocked by CORS: http://localhost:5173[39m
2026-01-23 10:52:59:5259 [31merror[39m: [31mInternal Server Error:[39m
2026-01-23 10:53:00:530 [33mwarn[39m: [33mBlocked by CORS: http://localhost:5173[39m
2026-01-23 10:53:00:530 [31merror[39m: [31mInternal Server Error:[39m
2026-01-24 21:30:51:3051 [31merror[39m: [31mCRITICAL: Missing required environment variables: PAYSTACK_SECRET_KEY, PAYSTACK_PUBLIC_KEY, GOOGLE_CLIENT_ID, SMTP_HOST, SMTP_USER, SMTP_PASS[39m
2026-01-24 21:31:23:3123 [33mwarn[39m: [33mBlocked by CORS: http://localhost:5173[39m
2026-01-24 21:31:23:3123 [31merror[39m: [31mInternal Server Error:[39m
2026-01-24 21:31:54:3154 [33mwarn[39m: [33mBlocked by CORS: http://localhost:5173[39m
2026-01-24 21:31:54:3154 [31merror[39m: [31mInternal Server Error:[39m
2026-01-24 21:31:55:3155 [33mwarn[39m: [33mBlocked by CORS: http://localhost:5173[39m
2026-01-24 21:31:55:3155 [31merror[39m: [31mInternal Server Error:[39m
2026-01-24 21:34:37:3437 [31merror[39m: [31mInternal Server Error:[39m
2026-01-24 21:34:41:3441 [31merror[39m: [31mInternal Server Error:[39m
2026-01-24 21:36:48:3648 [33mwarn[39m: [33mBlocked by CORS: http://localhost:5173[39m
2026-01-24 21:36:48:3648 [31merror[39m: [31mInternal Server Error:[39m
2026-01-24 21:36:50:3650 [33mwarn[39m: [33mBlocked by CORS: http://localhost:5173[39m
2026-01-24 21:36:50:3650 [31merror[39m: [31mInternal Server Error:[39m
2026-01-24 21:37:26:3726 [33mwarn[39m: [33mBlocked by CORS: http://localhost:5173[39m
2026-01-24 21:37:26:3726 [31merror[39m: [31mInternal Server Error:[39m
2026-01-24 21:37:28:3728 [33mwarn[39m: [33mBlocked by CORS: http://localhost:5173[39m
2026-01-24 21:37:28:3728 [31merror[39m: [31mInternal Server Error:[39m
2026-01-24 21:46:27:4627 [33mwarn[39m: [33mBlocked by CORS: http://localhost:5173[39m
2026-01-24 21:46:27:4627 [31merror[39m: [31mInternal Server Error:[39m
2026-01-24 21:48:11:4811 [33mwarn[39m: [33mBlocked by CORS: http://localhost:5173[39m
2026-01-24 21:48:11:4811 [31merror[39m: [31mInternal Server Error:[39m
2026-01-24 21:48:52:4852 [33mwarn[39m: [33mBlocked by CORS: http://localhost:5173[39m
2026-01-24 21:48:52:4852 [31merror[39m: [31mInternal Server Error:[39m
2026-01-24 21:49:13:4913 [33mwarn[39m: [33mBlocked by CORS: http://localhost:5173[39m
2026-01-24 21:49:13:4913 [31merror[39m: [31mInternal Server Error:[39m
2026-01-24 21:53:40:5340 [33mwarn[39m: [33mBlocked by CORS: http://localhost:5173[39m
2026-01-24 21:53:40:5340 [31merror[39m: [31mInternal Server Error:[39m
2026-01-24 21:57:38:5738 [33mwarn[39m: [33mBlocked by CORS: http://localhost:5173[39m
2026-01-24 21:57:38:5738 [31merror[39m: [31mInternal Server Error:[39m
2026-01-24 21:59:36:5936 [33mwarn[39m: [33mBlocked by CORS: http://localhost:5173[39m
2026-01-24 21:59:36:5936 [31merror[39m: [31mInternal Server Error:[39m
2026-01-24 21:59:37:5937 [33mwarn[39m: [33mBlocked by CORS: http://localhost:5173[39m
2026-01-24 21:59:37:5937 [31merror[39m: [31mInternal Server Error:[39m
2026-01-24 21:59:38:5938 [33mwarn[39m: [33mBlocked by CORS: http://localhost:5173[39m
2026-01-24 21:59:38:5938 [31merror[39m: [31mInternal Server Error:[39m
2026-01-24 22:00:19:019 [33mwarn[39m: [33mBlocked by CORS: http://localhost:5173[39m
2026-01-24 22:00:19:019 [31merror[39m: [31mInternal Server Error:[39m
2026-01-24 22:00:21:021 [33mwarn[39m: [33mBlocked by CORS: http://localhost:5173[39m
2026-01-24 22:00:21:021 [31merror[39m: [31mInternal Server Error:[39m
2026-01-24 22:02:54:254 [33mwarn[39m: [33mBlocked by CORS: http://localhost:5175[39m
2026-01-24 22:02:54:254 [31merror[39m: [31mInternal Server Error:[39m
2026-01-24 22:03:22:322 [33mwarn[39m: [33mBlocked by CORS: http://localhost:5175[39m
2026-01-24 22:03:22:322 [31merror[39m: [31mInternal Server Error:[39m
2026-01-24 22:04:37:437 [33mwarn[39m: [33mBlocked by CORS: http://localhost:5175[39m
2026-01-24 22:04:37:437 [31merror[39m: [31mInternal Server Error:[39m
2026-01-24 22:05:51:551 [33mwarn[39m: [33mBlocked by CORS: http://localhost:5175[39m
2026-01-24 22:05:51:551 [31merror[39m: [31mInternal Server Error:[39m
2026-01-24 22:06:23:623 [33mwarn[39m: [33mBlocked by CORS: http://localhost:5175[39m
2026-01-24 22:06:23:623 [31merror[39m: [31mInternal Server Error:[39m
2026-01-24 22:07:48:748 [33mwarn[39m: [33mBlocked by CORS: http://localhost:5175[39m
2026-01-24 22:07:48:748 [31merror[39m: [31mInternal Server Error:[39m
2026-01-24 22:10:34:1034 [33mwarn[39m: [33mBlocked by CORS: http://localhost:5175[39m
2026-01-24 22:10:34:1034 [31merror[39m: [31mInternal Server Error:[39m
2026-01-24 22:12:55:1255 [33mwarn[39m: [33mBlocked by CORS: http://localhost:5175[39m
2026-01-24 22:12:55:1255 [31merror[39m: [31mInternal Server Error:[39m
2026-01-24 22:26:20:2620 [33mwarn[39m: [33mBlocked by CORS: http://localhost:5175[39m
2026-01-24 22:26:20:2620 [31merror[39m: [31mInternal Server Error:[39m
2026-01-24 22:58:33:5833 [32minfo[39m: [32mEnvironment variables validated successfully.[39m
2026-01-24 22:58:33:5833 [32minfo[39m: [32mServer running on port 5000 in development mode[39m
2026-01-25 00:57:51:5751 [32minfo[39m: [32mEnvironment variables validated successfully.[39m
2026-01-25 00:57:52:5752 [32minfo[39m: [32mServer running on port 5000 in development mode[39m
2026-01-25 21:48:52:4852 [31merror[39m: [31mInternal Server Error:[39m
2026-01-25 21:59:05:595 [31merror[39m: [31mInternal Server Error:[39m
2026-01-25 22:10:05:105 [31merror[39m: [31mInternal Server Error:[39m
2026-01-25 22:10:08:108 [31merror[39m: [31mInternal Server Error:[39m
2026-01-25 22:10:55:1055 [31merror[39m: [31mInternal Server Error:[39m
2026-01-25 22:10:55:1055 [31merror[39m: [31mInternal Server Error:[39m
2026-01-25 22:10:57:1057 [31merror[39m: [31mInternal Server Error:[39m
2026-01-25 22:10:57:1057 [31merror[39m: [31mInternal Server Error:[39m
2026-01-25 22:56:44:5644 [31merror[39m: [31mInternal Server Error:[39m
2026-01-25 23:00:44:044 [31merror[39m: [31mInternal Server Error:[39m
2026-01-25 23:03:57:357 [31merror[39m: [31mInternal Server Error:[39m
2026-01-25 23:50:29:5029 [33mwarn[39m: [33mBlocked by CORS: http://localhost:5177[39m
2026-01-25 23:50:29:5029 [31merror[39m: [31mInternal Server Error:[39m
2026-01-26 12:40:41:4041 [31merror[39m: [31mInternal Server Error:[39m
2026-01-26 12:40:45:4045 [31merror[39m: [31mInternal Server Error:[39m
2026-01-26 12:40:49:4049 [31merror[39m: [31mInternal Server Error:[39m
2026-01-26 12:40:53:4053 [31merror[39m: [31mInternal Server Error:[39m
2026-01-26 12:47:04:474 [31merror[39m: [31mInternal Server Error:[39m
2026-01-26 12:47:08:478 [31merror[39m: [31mInternal Server Error:[39m
2026-01-26 12:47:18:4718 [31merror[39m: [31mInternal Server Error:[39m
2026-01-26 12:47:23:4723 [31merror[39m: [31mInternal Server Error:[39m
2026-01-26 12:51:54:5154 [31merror[39m: [31mInternal Server Error:[39m
2026-01-26 12:51:54:5154 [31merror[39m: [31mInternal Server Error:[39m
2026-01-26 12:51:59:5159 [31merror[39m: [31mInternal Server Error:[39m
2026-01-26 12:51:59:5159 [31merror[39m: [31mInternal Server Error:[39m
2026-01-26 12:52:03:523 [31merror[39m: [31mInternal Server Error:[39m
2026-01-26 12:52:07:527 [31merror[39m: [31mInternal Server Error:[39m
2026-01-26 12:52:11:5211 [31merror[39m: [31mInternal Server Error:[39m
2026-01-26 12:52:15:5215 [31merror[39m: [31mInternal Server Error:[39m
2026-01-26 12:55:29:5529 [31merror[39m: [31mInternal Server Error:[39m
2026-01-26 12:55:33:5533 [31merror[39m: [31mInternal Server Error:[39m
2026-01-26 13:01:57:157 [31merror[39m: [31mInternal Server Error:[39m
2026-01-26 13:08:44:844 [31merror[39m: [31mInternal Server Error:[39m
2026-01-26 13:08:48:848 [31merror[39m: [31mInternal Server Error:[39m
2026-01-26 13:08:53:853 [31merror[39m: [31mInternal Server Error:[39m
2026-01-26 13:08:57:857 [31merror[39m: [31mInternal Server Error:[39m
2026-01-26 13:09:01:91 [31merror[39m: [31mInternal Server Error:[39m
2026-01-26 13:09:05:95 [31merror[39m: [31mInternal Server Error:[39m
2026-01-26 13:09:09:99 [31merror[39m: [31mInternal Server Error:[39m
2026-01-26 13:09:13:913 [31merror[39m: [31mInternal Server Error:[39m
2026-01-26 13:09:42:942 [31merror[39m: [31mInternal Server Error:[39m
2026-01-26 13:09:46:946 [31merror[39m: [31mInternal Server Error:[39m
2026-01-26 13:10:19:1019 [31merror[39m: [31mInternal Server Error:[39m
2026-01-26 13:11:15:1115 [31merror[39m: [31mInternal Server Error:[39m
2026-01-26 13:11:15:1115 [31merror[39m: [31mInternal Server Error:[39m
2026-01-26 13:11:15:1115 [31merror[39m: [31mInternal Server Error:[39m
2026-01-26 13:11:19:1119 [31merror[39m: [31mInternal Server Error:[39m
2026-01-26 13:11:19:1119 [31merror[39m: [31mInternal Server Error:[39m
2026-01-26 13:11:19:1119 [31merror[39m: [31mInternal Server Error:[39m
2026-01-26 13:11:23:1123 [31merror[39m: [31mInternal Server Error:[39m
2026-01-26 13:11:27:1127 [31merror[39m: [31mInternal Server Error:[39m
2026-01-26 13:11:32:1132 [31merror[39m: [31mInternal Server Error:[39m
2026-01-26 13:11:36:1136 [31merror[39m: [31mInternal Server Error:[39m
2026-01-26 13:14:24:1424 [31merror[39m: [31mInternal Server Error:[39m
2026-01-26 13:17:57:1757 [31merror[39m: [31mInternal Server Error:[39m
2026-01-26 13:18:11:1811 [31merror[39m: [31mInternal Server Error:[39m
2026-01-26 14:58:15:5815 [31merror[39m: [31mInternal Server Error:[39m
2026-01-26 14:58:19:5819 [31merror[39m: [31mInternal Server Error:[39m
2026-01-26 16:16:55:1655 [31merror[39m: [31mInternal Server Error:[39m
2026-01-26 16:20:35:2035 [31merror[39m: [31mInternal Server Error:[39m
2026-01-26 16:20:39:2039 [31merror[39m: [31mInternal Server Error:[39m
2026-01-26 17:38:33:3833 [31merror[39m: [31mInternal Server Error:[39m
2026-01-26 17:48:45:4845 [31merror[39m: [31mInternal Server Error:[39m
2026-01-26 17:53:20:5320 [31merror[39m: [31mInternal Server Error:[39m
2026-01-26 17:57:18:5718 [31merror[39m: [31mInternal Server Error:[39m
2026-01-26 18:01:22:122 [31merror[39m: [31mInternal Server Error:[39m
2026-01-26 18:02:18:218 [31merror[39m: [31mInternal Server Error:[39m
2026-01-26 18:07:10:710 [31merror[39m: [31mInternal Server Error:[39m
2026-01-26 18:07:38:738 [31merror[39m: [31mInternal Server Error:[39m
2026-01-26 18:09:38:938 [31merror[39m: [31mInternal Server Error:[39m
2026-01-26 21:36:30:3630 [33mwarn[39m: [33mFINANCIAL: Payment initialized[39m
2026-01-26 21:41:30:4130 [33mwarn[39m: [33mFINANCIAL: Payment initialized[39m
2026-01-26 21:46:56:4656 [33mwarn[39m: [33mFINANCIAL: Payment initialized[39m
2026-01-26 21:56:05:565 [33mwarn[39m: [33mFINANCIAL: Payment initialized[39m
2026-01-26 22:02:32:232 [33mwarn[39m: [33mFINANCIAL: Payment initialized[39m
2026-01-26 22:12:51:1251 [33mwarn[39m: [33mFINANCIAL: Payment initialized[39m
2026-01-27 02:26:40:2640 [33mwarn[39m: [33mFINANCIAL: Payment initialized[39m
2026-01-27 04:22:57:2257 [33mwarn[39m: [33mFINANCIAL: Bank transfer proof submitted[39m
2026-01-27 04:22:58:2258 [33mwarn[39m: [33mFINANCIAL: Payment proof verified[39m
2026-01-27 04:46:36:4636 [33mwarn[39m: [33mFINANCIAL: Bank transfer proof submitted[39m
2026-01-27 04:46:36:4636 [33mwarn[39m: [33mFINANCIAL: Payment proof verified[39m
